<?xml version="1.0" encoding="UTF-8"?>
<testsuite name="modelo.FacturaLTest" tests="1" skipped="0" failures="0" errors="0" timestamp="2025-05-21T09:49:50" hostname="DESKTOP-QQG80ID" time="0.013">
  <properties/>
  <testcase name="altaFacturas()" classname="modelo.FacturaLTest" time="0.013"/>
  <system-out><![CDATA[]]></system-out>
  <system-err><![CDATA[]]></system-err>
</testsuite>
